[2020-11-15T21:30:21.122433+01:00] BandSite\RegisterViewModel.ERROR: Validation errors [] []
[2020-11-15T21:30:44.272816+01:00] BandSite\RegisterViewModel.ERROR: Validation errors [] []
[2020-11-15T21:59:40.512448+01:00] BandSite\RegisterViewModel.ERROR: MariaDB error code: 23000 [] []
[2020-11-17T17:41:48.711835+01:00] BandSite\LoginViewModel.ERROR: User not found error [] []
[2020-11-17T17:42:39.548403+01:00] BandSite\LoginViewModel.ERROR: Bad password [] []
[2020-11-17T17:43:04.508001+01:00] BandSite\LoginViewModel.INFO: User logged in with userId 1 [] []
[2020-11-18T13:27:01.858993+01:00] BandSite\LoginViewModel.INFO: User logged in with userId 1 [] []
[2020-11-18T13:50:09.181379+01:00] BandSite\LogoutViewModel.INFO: Logged out user with userId:1 [] []
[2020-11-18T16:13:03.545772+01:00] BandSite\LoginViewModel.INFO: User logged in with userId 1 [] []
[2020-11-18T16:55:50.893133+01:00] BandSite\LogoutViewModel.INFO: Logged out user with userId:1 [] []
[2020-11-22T23:19:31.518459+01:00] BandSite\LoginViewModel.INFO: User logged in with userId 1 [] []
[2020-11-22T23:19:42.140848+01:00] BandSite\LogoutViewModel.INFO: Logged out user with userId:1 [] []
[2020-11-22T23:19:51.247141+01:00] BandSite\LoginViewModel.ERROR: Bad password [] []
[2020-11-22T23:21:46.573600+01:00] BandSite\ResetViewModel.ERROR: Undefined index: username [] []
[2020-11-22T23:22:07.808464+01:00] BandSite\LoginViewModel.ERROR: Bad password [] []
[2020-11-22T23:22:38.897878+01:00] BandSite\LoginViewModel.INFO: User logged in with userId 1 [] []
[2020-11-22T23:22:44.257188+01:00] BandSite\LogoutViewModel.INFO: Logged out user with userId:1 [] []
[2020-11-22T23:24:02.495098+01:00] BandSite\LoginViewModel.INFO: User logged in with userId 1 [] []
[2020-11-22T23:24:07.563184+01:00] BandSite\LogoutViewModel.INFO: Logged out user with userId:1 [] []
[2020-11-22T23:24:33.509257+01:00] BandSite\ResetViewModel.ERROR: Undefined index: username [] []
[2020-11-22T23:30:45.955652+01:00] BandSite\ResetViewModel.ERROR: MariaDB error code: 42S22 [] []
[2020-11-22T23:31:41.401269+01:00] BandSite\LoginViewModel.INFO: User logged in with userId 1 [] []
[2020-11-22T23:31:45.378380+01:00] BandSite\LogoutViewModel.INFO: Logged out user with userId:1 [] []
[2020-11-22T23:31:59.622478+01:00] BandSite\ResetViewModel.ERROR: MariaDB error code: 42S22 [] []
[2020-11-22T23:33:57.887117+01:00] BandSite\LoginViewModel.INFO: User logged in with userId 1 [] []
[2020-11-22T23:34:01.928485+01:00] BandSite\LogoutViewModel.INFO: Logged out user with userId:1 [] []
[2020-11-22T23:34:38.002705+01:00] BandSite\LoginViewModel.ERROR: Bad password [] []
[2020-11-22T23:34:44.156503+01:00] BandSite\LoginViewModel.INFO: User logged in with userId 1 [] []
[2020-11-29T17:41:59.321385+01:00] BandSite\RegisterViewModel.ERROR: Undefined index: id [] []
[2020-11-29T19:24:58.147028+01:00] BandSite\LoginViewModel.INFO: User logged in with userId 1 [] []
[2020-12-03T00:20:41.952942+01:00] BandSite\RegisterViewModel.ERROR: MariaDB error code: 23000 [] []
[2020-12-03T00:22:17.059362+01:00] BandSite\RegisterViewModel.ERROR: MariaDB error code: 23000 [] []
[2020-12-03T00:23:16.747866+01:00] BandSite\RegisterViewModel.ERROR: MariaDB error code: 23000 [] []
[2020-12-03T00:23:32.751678+01:00] BandSite\LoginViewModel.ERROR: User not found error [] []
[2020-12-03T01:43:39.203947+01:00] BandSite\RegisterViewModel.ERROR: SQLSTATE[42000]: Syntax error or access violation: 1064 You have an error in your SQL syntax; check the manual that corresponds to your MariaDB server version for the right syntax to use near 'i.id as `image_id`             LEFT JOIN image i ON user.id = i.user_id' at line 1 [] []
[2020-12-03T01:43:56.266932+01:00] BandSite\LoginViewModel.INFO: User logged in with userId 1 [] []
[2020-12-03T19:50:23.366105+01:00] BandSite\LogoutViewModel.INFO: Logged out user with userId:1 [] []
[2020-12-03T19:51:40.315895+01:00] BandSite\LoginViewModel.INFO: User logged in with userId 1 [] []
[2020-12-03T19:51:43.869767+01:00] BandSite\LogoutViewModel.INFO: Logged out user with userId:1 [] []
[2020-12-06T21:56:35.453001+01:00] BandSite\LoginViewModel.INFO: User logged in with userId 1 [] []
[2020-12-06T21:57:12.509991+01:00] BandSite\LogoutViewModel.INFO: Logged out user with userId:1 [] []
[2020-12-06T21:57:21.796900+01:00] BandSite\LoginViewModel.INFO: User logged in with userId 1 [] []
[2020-12-09T23:46:30.176321+01:00] BandSite\LoginViewModel.ERROR: User not found error [] []
[2020-12-09T23:46:47.376334+01:00] BandSite\RegisterViewModel.ERROR:  not found at temp location; bailing [] []
[2020-12-09T23:46:56.066634+01:00] BandSite\LoginViewModel.INFO: User logged in with userId 1 [] []
